Determining if the pthread_create exist failed with the following output:
Change Dir: /home/jisung/micron_sonar_plugin/build/CMakeFiles/CMakeTmp

Run Build Command:/usr/bin/make "cmTryCompileExec3816190498/fast"
/usr/bin/make -f CMakeFiles/cmTryCompileExec3816190498.dir/build.make CMakeFiles/cmTryCompileExec3816190498.dir/build
make[1]: Entering directory `/home/jisung/micron_sonar_plugin/build/CMakeFiles/CMakeTmp'
/usr/bin/cmake -E cmake_progress_report /home/jisung/micron_sonar_plugin/build/CMakeFiles/CMakeTmp/CMakeFiles 1
Building C object CMakeFiles/cmTryCompileExec3816190498.dir/CheckSymbolExists.c.o
/usr/bin/cc    -o CMakeFiles/cmTryCompileExec3816190498.dir/CheckSymbolExists.c.o   -c /home/jisung/micron_sonar_plugin/build/CMakeFiles/CMakeTmp/CheckSymbolExists.c
Linking C executable cmTryCompileExec3816190498
/usr/bin/cmake -E cmake_link_script CMakeFiles/cmTryCompileExec3816190498.dir/link.txt --verbose=1
/usr/bin/cc       CMakeFiles/cmTryCompileExec3816190498.dir/CheckSymbolExists.c.o  -o cmTryCompileExec3816190498 -rdynamic 
CMakeFiles/cmTryCompileExec3816190498.dir/CheckSymbolExists.c.o: In function `main':
CheckSymbolExists.c:(.text+0x16): undefined reference to `pthread_create'
collect2: error: ld returned 1 exit status
make[1]: Leaving directory `/home/jisung/micron_sonar_plugin/build/CMakeFiles/CMakeTmp'
make[1]: *** [cmTryCompileExec3816190498] Error 1
make: *** [cmTryCompileExec3816190498/fast] Error 2

File /home/jisung/micron_sonar_plugin/build/CMakeFiles/CMakeTmp/CheckSymbolExists.c:
/* */
#include <pthread.h>

int main(int argc, char** argv)
{
  (void)argv;
#ifndef pthread_create
  return ((int*)(&pthread_create))[argc];
#else
  (void)argc;
  return 0;
#endif
}

Determining if the function pthread_create exists in the pthreads failed with the following output:
Change Dir: /home/jisung/micron_sonar_plugin/build/CMakeFiles/CMakeTmp

Run Build Command:/usr/bin/make "cmTryCompileExec2729252440/fast"
/usr/bin/make -f CMakeFiles/cmTryCompileExec2729252440.dir/build.make CMakeFiles/cmTryCompileExec2729252440.dir/build
make[1]: Entering directory `/home/jisung/micron_sonar_plugin/build/CMakeFiles/CMakeTmp'
/usr/bin/cmake -E cmake_progress_report /home/jisung/micron_sonar_plugin/build/CMakeFiles/CMakeTmp/CMakeFiles 1
Building C object CMakeFiles/cmTryCompileExec2729252440.dir/CheckFunctionExists.c.o
/usr/bin/cc   -DCHECK_FUNCTION_EXISTS=pthread_create   -o CMakeFiles/cmTryCompileExec2729252440.dir/CheckFunctionExists.c.o   -c /usr/share/cmake-2.8/Modules/CheckFunctionExists.c
Linking C executable cmTryCompileExec2729252440
/usr/bin/cmake -E cmake_link_script CMakeFiles/cmTryCompileExec2729252440.dir/link.txt --verbose=1
/usr/bin/cc   -DCHECK_FUNCTION_EXISTS=pthread_create    CMakeFiles/cmTryCompileExec2729252440.dir/CheckFunctionExists.c.o  -o cmTryCompileExec2729252440 -rdynamic -lpthreads 
/usr/bin/ld: cannot find -lpthreads
collect2: error: ld returned 1 exit status
make[1]: Leaving directory `/home/jisung/micron_sonar_plugin/build/CMakeFiles/CMakeTmp'
make[1]: *** [cmTryCompileExec2729252440] Error 1
make: *** [cmTryCompileExec2729252440/fast] Error 2


